[API] 使用自定义端点: https://api.mczbc.cn
索引共 1736 个 sessions，日代表图: 491 张 → 56 个批次（每批≤9张）
[断点续跑] 已缓存 351 条 VLM 结果
[模式] 并行 2 线程，限速 40 RPM
  [1/56] [缓存] 2024年7月19日 / 2024年9月19日 / 2023年11月14日 / 2023年11月15日 / 2024年9月13日 (9 张全部命中)
  [2/56] [缓存] 2024年7月19日 / 2024年9月19日 / 2025年7月11日 / 2025年7月12日 (8 张全部命中)
  [3/56] [缓存] 2025年7月13日 / 2025年7月14日 / 2025年7月15日 (9 张全部命中)  [4/56] [缓存] 2025年7月16日 / 2025年7月17日 / 2025年7月18日 (9 张全部命中)

  [5/56] [缓存] 2025年7月19日 / 2025年7月19日 / 2025年7月20日 (9 张全部命中)  [6/56] [缓存] 2025年7月22日 / 2025年7月23日 / 2025年7月24日 (9 张全部命中)

  [7/56] [缓存] 2025年7月26日 / 2025年7月27日 / 2025年7月28日 (7 张全部命中)  [8/56] [缓存] 2025年7月29日 / 2025年7月30日 / 2025年7月31日 (9 张全部命中)

  [9/56] [缓存] 2025年7月11日 / 2025年7月12日 / 2025年7月13日 (9 张全部命中)  [10/56] [缓存] 2025年7月14日 / 2025年7月15日 / 2025年7月16日 (9 张全部命中)

  [11/56] [缓存] 2025年7月17日 / 2025年7月18日 / 2025年7月19日 (9 张全部命中)  [12/56] [缓存] 2025年7月20日 / 2025年7月21日 / 2025年7月22日 (7 张全部命中)

  [13/56] [缓存] 2025年7月23日 / 2025年7月24日 / 2025年7月27日 (9 张全部命中)  [14/56] [缓存] 2025年7月28日 / 2025年7月29日 / 2025年7月30日 (9 张全部命中)

  [15/56] [缓存] 2025年7月31日 / 2025年8月1日 / 2025年8月2日 (9 张全部命中)  [16/56] [缓存] 2025年8月3日 / 2025年8月4日 / 2025年8月5日 (9 张全部命中)
  [17/56] [缓存] 2025年8月6日 / 2025年8月18日 / 2025年8月19日 (9 张全部命中)

  [18/56] [缓存] 2025年8月20日 / 2025年8月21日 / 2025年8月22日 (9 张全部命中)  [19/56] [缓存] 2025年8月23日 / 2025年8月24日 / 2025年8月25日 (9 张全部命中)
  [20/56] [缓存] 2025年8月26日 / 2025年8月27日 / 2025年8月28日 (9 张全部命中)
  [21/56] [缓存] 2025年8月29日 / 2025年8月30日 / 2025年8月31日 (9 张全部命中)
  [22/56] [缓存] 2025年9月1日 / 2025年9月2日 / 2025年9月3日 (9 张全部命中)

  [23/56] [缓存] 2025年9月4日 / 2025年8月18日 / 2025年8月19日 (9 张全部命中)  [24/56] [缓存] 2025年8月20日 / 2025年8月21日 / 2025年8月22日 (9 张全部命中)

  [25/56] [缓存] 2025年8月23日 / 2025年8月24日 / 2025年8月25日 (9 张全部命中)  [26/56] [缓存] 2025年8月26日 / 2025年8月27日 / 2025年8月28日 (9 张全部命中)

  [27/56] [缓存] 2025年8月29日 / 2025年8月30日 / 2025年8月31日 (9 张全部命中)  [28/56] [缓存] 2025年8月31日 / 2025年9月2日 / 2025年9月3日 (9 张全部命中)

  [29/56] [缓存] 2025年9月5日 / 2025年7月11日 / 2025年7月12日 (9 张全部命中)  [30/56] [缓存] 2025年7月13日 / 2025年7月14日 / 2025年7月15日 (9 张全部命中)

  [31/56] [缓存] 2025年7月16日 / 2025年7月17日 / 2025年7月18日 (9 张全部命中)  [32/56] [缓存] 2025年7月19日 / 2025年7月20日 / 2025年7月22日 (7 张全部命中)

  [33/56] [缓存] 2025年7月23日 / 2025年7月24日 / 2025年7月26日 (9 张全部命中)  [34/56] [缓存] 2025年7月27日 / 2025年7月28日 / 2025年7月29日 (9 张全部命中)
  [35/56] [缓存] 2025年7月30日 / 2025年7月31日 / 2025年8月1日 (9 张全部命中)

  [36/56] [缓存] 2025年8月2日 / 2025年8月3日 / 2025年8月4日 (9 张全部命中)  [37/56] [缓存] 2025年8月5日 / 2025年8月6日 / 2025年7月11日 (9 张全部命中)

  [38/56] [缓存] 2025年7月12日 / 2025年7月13日 / 2025年7月14日 (9 张全部命中)  [39/56] [缓存] 2025年7月15日 / 2025年7月16日 / 2025年7月17日 (9 张全部命中)

  [40/56] [缓存] 2025年7月18日 / 2025年7月19日 / 2025年7月20日 (7 张全部命中)
  [41/56] VLM 标注: 2025年7月22日 / 2025年7月23日 / 2025年7月24日 (9 张)
  [42/56] VLM 标注: 2025年7月27日 / 2025年7月28日 / 2025年7月29日 (9 张)
  [42/56] ✓ 完成
  [43/56] VLM 标注: 2025年7月30日 / 2025年7月31日 / 2025年8月1日 (9 张)
  [41/56] ✓ 完成
  [44/56] VLM 标注: 2025年8月2日 / 2025年8月3日 / 2025年8月4日 (9 张)
  [44/56] ✓ 完成
  [45/56] VLM 标注: 2025年8月5日 / 2025年8月6日 / 2025年8月22日 (9 张)
  [45/56] ✓ 完成
  [46/56] VLM 标注: 2025年8月23日 / 2025年8月24日 / 2025年8月25日 (9 张)
  [43/56] ✓ 完成
  [47/56] VLM 标注: 2025年8月26日 / 2025年8月27日 / 2025年8月28日 (9 张)
  [47/56] ✓ 完成
  [48/56] VLM 标注: 2025年8月29日 / 2025年8月30日 / 2025年8月31日 (9 张)
  [48/56] ✓ 完成
  [49/56] VLM 标注: 2025年7月8日 / 2025年9月3日 / 2025年1月8日 / 2025年1月8日 / 2025年1月13日 /  (9 张)
  [46/56] ✓ 完成
  [50/56] VLM 标注: 2026年1月7日 /  / 2025年12月2日 / 2026年1月24日 (8 张)
  [50/56] ✓ 完成
  [51/56] VLM 标注: 2026年1月25日 / 2026年1月26日 / 2026年1月27日 (9 张)
  [49/56] ✓ 完成
  [52/56] VLM 标注: 2026年1月28日 / 2026年1月30日 / 2026年1月31日 (9 张)
  [51/56] ✓ 完成
  [53/56] VLM 标注: 2026年2月1日 / 2026年2月2日 / 2026年2月3日 (9 张)
  [53/56] ✓ 完成
  [54/56] VLM 标注: 2026年2月4日 / 2026年2月5日 / 2026年2月6日 (9 张)
  [52/56] ✓ 完成
  [55/56] VLM 标注: 2026年2月7日 / 2026年3月9日 / 2026年1月9日 (9 张)
  [55/56] ✓ 完成
  [56/56] VLM 标注: 2026年2月5日 / 2026年2月5日 / 2026年1月27日 / 2026年1月23日 / 2026年1月22日 / 2026年1月18日 (6 张)
  [54/56] ✓ 完成
  [56/56] ✓ 完成

✅ VLM 标注完成: 491 条

[一致性约束处理中...]
  [一致性] ADS_WZY_22: 2 个时段，道路类型统一为 城市道路/支路
  [一致性] ADS_1_1: 27 个时段，道路类型统一为 城市道路/主干路
  [一致性] ADS_KHR_19: 2 个时段，道路类型统一为 城市道路/支路
  [一致性] ADS_WZY_17: 6 个时段，道路类型统一为 城市道路/快速路
  [一致性] ADS_1_5: 31 个时段，道路类型统一为 城市道路/主干路
  [一致性] ADS_2_2: 58 个时段，道路类型统一为 城市道路/主干路
  [一致性] ADS_2_7: 69 个时段，道路类型统一为 城市道路/快速路
  [一致性] ADS_3_1: 42 个时段，道路类型统一为 城市道路/主干路
  [一致性] ADS_3_10: 12 个时段，道路类型统一为 城市道路/主干路
  [一致性] ADS_3_3: 58 个时段，道路类型统一为 城市道路/主干路
  [一致性] ADS_3_6: 15 个时段，道路类型统一为 停车区域/室外停车场
  [一致性] ADS_4_4: 55 个时段，道路类型统一为 公路/高速公路
  [一致性] ADS_4_8: 27 个时段，道路类型统一为 城市道路/快速路
  [一致性] ADS_4_9: 18 个时段，道路类型统一为 公路/高速公路
  [一致性] ADS_HS_12: 3 个时段，道路类型统一为 城市道路/主干路
  [一致性] ADS_YL_13: 47 个时段，道路类型统一为 城市道路/快速路
  [一致性] ADS_ZX_5: 3 个时段，道路类型统一为 城市道路/主干路
  [一致性] ADS_BS_14: 2 个时段，道路类型统一为 城市道路/主干路
  [一致性] ADS_ZHL_13: 3 个时段，道路类型统一为 城市道路/快速路

[写入数据库: /home/stu6/projects/LabelWork1/auto_labeled.db]
  DB 已有 0 条记录
  本次新增: 491 条
✅ 数据库生成完成: /home/stu6/projects/LabelWork1/auto_labeled.db
   共 491 条记录

道路类型分布：
  城市道路: 401
  公路: 73
  停车区域: 17
